<?xml version="1.0" encoding="UTF-8"?>
<testsuite xmlns:xsi="http://www.w3.org/2001/XMLSchema-instance" xsi:noNamespaceSchemaLocation="https://maven.apache.org/surefire/maven-surefire-plugin/xsd/surefire-test-report-3.0.xsd" version="3.0" name="com.person_crud.unit_tests.mapper.DozerConverterTest" time="0.131" tests="4" errors="0" skipped="0" failures="0">
  <properties>
[...]
</properties>
  <testcase name="parserVOListToEntityListTest" classname="com.person_crud.unit_tests.mapper.DozerConverterTest" time="0.108">
    <system-out><![CDATA[14:17:40.048 [main] INFO com.github.dozermapper.core.util.RuntimeUtils -- OSGi support is false
14:17:40.052 [main] INFO com.github.dozermapper.core.DozerBeanMapperBuilder -- Initializing Dozer. Version: 7.0.0, Thread Name: main
14:17:40.053 [main] INFO com.github.dozermapper.core.config.resolvers.LegacyPropertiesSettingsResolver -- Trying to find Dozer configuration file: dozer.properties
14:17:40.054 [main] INFO com.github.dozermapper.core.config.resolvers.LegacyPropertiesSettingsResolver -- Failed to find dozer.properties via com.github.dozermapper.core.config.resolvers.LegacyPropertiesSettingsResolver.
14:17:40.056 [main] INFO com.github.dozermapper.core.el.ELExpressionFactory -- jakarta.el is not supported; Failed to resolve ExpressionFactory, com.sun.el.ExpressionFactoryImpl
]]></system-out>
  </testcase>
  <testcase name="parseVOToEntityTest" classname="com.person_crud.unit_tests.mapper.DozerConverterTest" time="0.001"/>
  <testcase name="parseEntityListToVOListTest" classname="com.person_crud.unit_tests.mapper.DozerConverterTest" time="0.006"/>
  <testcase name="parseEntityToVOTest" classname="com.person_crud.unit_tests.mapper.DozerConverterTest" time="0.001"/>
</testsuite>