<?xml version="1.0" encoding="UTF-8"?>
<testsuite xmlns:xsi="http://www.w3.org/2001/XMLSchema-instance" xsi:noNamespaceSchemaLocation="https://maven.apache.org/surefire/maven-surefire-plugin/xsd/surefire-test-report-3.0.xsd" version="3.0" name="com.person_crud.unit_tests.mapper.DozerConverterTest" time="0.233" tests="4" errors="0" skipped="0" failures="0">
  <properties>
[...]
</properties>
  <testcase name="parserVOListToEntityListTest" classname="com.person_crud.unit_tests.mapper.DozerConverterTest" time="0.214">
    <system-out><![CDATA[2024-04-25T09:59:52.031-03:00  INFO 17044 --- [           main] c.g.dozermapper.core.util.RuntimeUtils   : OSGi support is false
2024-04-25T09:59:52.046-03:00  INFO 17044 --- [           main] c.g.d.core.DozerBeanMapperBuilder        : Initializing Dozer. Version: 7.0.0, Thread Name: main
2024-04-25T09:59:52.057-03:00  INFO 17044 --- [           main] d.c.c.r.LegacyPropertiesSettingsResolver : Trying to find Dozer configuration file: dozer.properties
2024-04-25T09:59:52.059-03:00  INFO 17044 --- [           main] d.c.c.r.LegacyPropertiesSettingsResolver : Failed to find dozer.properties via com.github.dozermapper.core.config.resolvers.LegacyPropertiesSettingsResolver.
2024-04-25T09:59:52.074-03:00  INFO 17044 --- [           main] c.g.d.core.el.ELExpressionFactory        : jakarta.el is not supported; Failed to resolve ExpressionFactory, com.sun.el.ExpressionFactoryImpl
]]></system-out>
  </testcase>
  <testcase name="parseVOToEntityTest" classname="com.person_crud.unit_tests.mapper.DozerConverterTest" time="0.002"/>
  <testcase name="parseEntityListToVOListTest" classname="com.person_crud.unit_tests.mapper.DozerConverterTest" time="0.009"/>
  <testcase name="parseEntityToVOTest" classname="com.person_crud.unit_tests.mapper.DozerConverterTest" time="0.002"/>
</testsuite>