<?xml version="1.0" encoding="UTF-8"?>
<testsuite xmlns:xsi="http://www.w3.org/2001/XMLSchema-instance" xsi:noNamespaceSchemaLocation="https://maven.apache.org/surefire/maven-surefire-plugin/xsd/surefire-test-report-3.0.xsd" version="3.0" name="com.person_crud.TestConnectionMysqlApplicationTests" time="9.274" tests="1" errors="0" skipped="0" failures="0">
  <properties>
[...]
</properties>
  <testcase name="contextLoads" classname="com.person_crud.TestConnectionMysqlApplicationTests" time="0.785">
    <system-out><![CDATA[09:59:42.994 [main] INFO org.springframework.test.context.support.AnnotationConfigContextLoaderUtils -- Could not detect default configuration classes for test class [com.person_crud.TestConnectionMysqlApplicationTests]: TestConnectionMysqlApplicationTests does not declare any static, non-private, non-final, nested classes annotated with @Configuration.
09:59:43.162 [main] INFO org.springframework.boot.test.context.SpringBootTestContextBootstrapper -- Found @SpringBootConfiguration com.person_crud.PersonCrudApplication for test class com.person_crud.TestConnectionMysqlApplicationTests

  .   ____          _            __ _ _
 /\\ / ___'_ __ _ _(_)_ __  __ _ \ \ \ \
( ( )\___ | '_ | '_| | '_ \/ _` | \ \ \ \
 \\/  ___)| |_)| | | | | || (_| |  ) ) ) )
  '  |____| .__|_| |_|_| |_\__, | / / / /
 =========|_|==============|___/=/_/_/_/
 :: Spring Boot ::                (v3.2.5)

2024-04-25T09:59:43.975-03:00  INFO 17044 --- [           main] c.p.TestConnectionMysqlApplicationTests  : Starting TestConnectionMysqlApplicationTests using Java 17 with PID 17044 (started by j-vit in C:\Users\j-vit\Documents\GitHub\person-crud)
2024-04-25T09:59:43.978-03:00  INFO 17044 --- [           main] c.p.TestConnectionMysqlApplicationTests  : No active profile set, falling back to 1 default profile: "default"
2024-04-25T09:59:45.234-03:00  INFO 17044 --- [           main] .s.d.r.c.RepositoryConfigurationDelegate : Bootstrapping Spring Data JPA repositories in DEFAULT mode.
2024-04-25T09:59:45.335-03:00  INFO 17044 --- [           main] .s.d.r.c.RepositoryConfigurationDelegate : Finished Spring Data repository scanning in 87 ms. Found 1 JPA repository interface.
2024-04-25T09:59:46.182-03:00  INFO 17044 --- [           main] com.zaxxer.hikari.HikariDataSource       : HikariPool-1 - Starting...
2024-04-25T09:59:46.835-03:00  INFO 17044 --- [           main] com.zaxxer.hikari.pool.HikariPool        : HikariPool-1 - Added connection com.mysql.cj.jdbc.ConnectionImpl@24fba488
2024-04-25T09:59:46.839-03:00  INFO 17044 --- [           main] com.zaxxer.hikari.HikariDataSource       : HikariPool-1 - Start completed.
2024-04-25T09:59:47.085-03:00  INFO 17044 --- [           main] o.f.c.internal.license.VersionPrinter    : Flyway Community Edition 9.22.3 by Redgate
2024-04-25T09:59:47.085-03:00  INFO 17044 --- [           main] o.f.c.internal.license.VersionPrinter    : See release notes here: https://rd.gt/416ObMi
2024-04-25T09:59:47.085-03:00  INFO 17044 --- [           main] o.f.c.internal.license.VersionPrinter    : 
2024-04-25T09:59:47.147-03:00  INFO 17044 --- [           main] org.flywaydb.core.FlywayExecutor         : Database: jdbc:mysql://localhost:3306/rest_with_spring_boot (MySQL 8.0)
2024-04-25T09:59:47.259-03:00  INFO 17044 --- [           main] o.f.core.internal.command.DbValidate     : Successfully validated 2 migrations (execution time 00:00.059s)
2024-04-25T09:59:47.284-03:00  INFO 17044 --- [           main] o.f.core.internal.command.DbMigrate      : Current version of schema `rest_with_spring_boot`: 2
2024-04-25T09:59:47.298-03:00  INFO 17044 --- [           main] o.f.core.internal.command.DbMigrate      : Schema `rest_with_spring_boot` is up to date. No migration necessary.
2024-04-25T09:59:47.477-03:00  INFO 17044 --- [           main] o.hibernate.jpa.internal.util.LogHelper  : HHH000204: Processing PersistenceUnitInfo [name: default]
2024-04-25T09:59:47.598-03:00  INFO 17044 --- [           main] org.hibernate.Version                    : HHH000412: Hibernate ORM core version 6.4.4.Final
2024-04-25T09:59:47.690-03:00  INFO 17044 --- [           main] o.h.c.internal.RegionFactoryInitiator    : HHH000026: Second-level cache disabled
2024-04-25T09:59:48.191-03:00  INFO 17044 --- [           main] o.s.o.j.p.SpringPersistenceUnitInfo      : No LoadTimeWeaver setup: ignoring JPA class transformer
2024-04-25T09:59:49.729-03:00  INFO 17044 --- [           main] o.h.e.t.j.p.i.JtaPlatformInitiator       : HHH000489: No JTA platform available (set 'hibernate.transaction.jta.platform' to enable JTA platform integration)
2024-04-25T09:59:49.735-03:00  INFO 17044 --- [           main] j.LocalContainerEntityManagerFactoryBean : Initialized JPA EntityManagerFactory for persistence unit 'default'
2024-04-25T09:59:51.175-03:00  INFO 17044 --- [           main] c.p.TestConnectionMysqlApplicationTests  : Started TestConnectionMysqlApplicationTests in 7.721 seconds (process running for 9.492)
]]></system-out>
  </testcase>
</testsuite>